This file contains any messages produced by compilers while
running configure, to aid debugging if configure makes a mistake.

It was created by hornet configure 1.0, which was
generated by GNU Autoconf 2.69.  Invocation command line was

  $ ./configure --prefix=/home/tao/Simulator/hornet-inst --with-boost-libdir=/usr/lib/x86_64-linux-gnu

## --------- ##
## Platform. ##
## --------- ##

hostname = v6
uname -m = x86_64
uname -r = 4.4.0-87-generic
uname -s = Linux
uname -v = #110-Ubuntu SMP Tue Jul 18 12:55:35 UTC 2017

/usr/bin/uname -p = unknown
/bin/uname -X     = unknown

/bin/arch              = unknown
/usr/bin/arch -k       = unknown
/usr/convex/getsysinfo = unknown
/usr/bin/hostinfo      = unknown
/bin/machine           = unknown
/usr/bin/oslevel       = unknown
/bin/universe          = unknown

PATH: /home/tao/bin
PATH: /home/tao/.local/bin
PATH: /home/tao/anaconda3/bin
PATH: /usr/local/sbin
PATH: /usr/local/bin
PATH: /usr/sbin
PATH: /usr/bin
PATH: /sbin
PATH: /bin
PATH: /usr/games
PATH: /usr/local/games


## ----------- ##
## Core tests. ##
## ----------- ##

configure:2397: checking for a BSD-compatible install
configure:2465: result: /usr/bin/install -c
configure:2476: checking whether build environment is sane
configure:2531: result: yes
configure:2682: checking for a thread-safe mkdir -p
configure:2721: result: /bin/mkdir -p
configure:2728: checking for gawk
configure:2758: result: no
configure:2728: checking for mawk
configure:2744: found /usr/bin/mawk
configure:2755: result: mawk
configure:2766: checking whether make sets $(MAKE)
configure:2788: result: yes
configure:2817: checking whether make supports nested variables
configure:2834: result: yes
configure:2996: checking build system type
configure:3010: result: x86_64-pc-linux-gnu
configure:3030: checking host system type
configure:3043: result: x86_64-pc-linux-gnu
configure:3084: checking how to print strings
configure:3111: result: printf
configure:3144: checking for style of include used by make
configure:3172: result: GNU
configure:3243: checking for gcc
configure:3259: found /usr/bin/gcc
configure:3270: result: gcc
configure:3499: checking for C compiler version
configure:3508: gcc --version >&5
gcc (Ubuntu 5.4.0-6ubuntu1~16.04.9) 5.4.0 20160609
Copyright (C) 2015 Free Software Foundation, Inc.
This is free software; see the source for copying conditions.  There is NO
warranty; not even for MERCHANTABILITY or FITNESS FOR A PARTICULAR PURPOSE.

configure:3519: $? = 0
configure:3508: gcc -v >&5
Using built-in specs.
COLLECT_GCC=gcc
COLLECT_LTO_WRAPPER=/usr/lib/gcc/x86_64-linux-gnu/5/lto-wrapper
Target: x86_64-linux-gnu
Configured with: ../src/configure -v --with-pkgversion='Ubuntu 5.4.0-6ubuntu1~16.04.9' --with-bugurl=file:///usr/share/doc/gcc-5/README.Bugs --enable-languages=c,ada,c++,java,go,d,fortran,objc,obj-c++ --prefix=/usr --program-suffix=-5 --enable-shared --enable-linker-build-id --libexecdir=/usr/lib --without-included-gettext --enable-threads=posix --libdir=/usr/lib --enable-nls --with-sysroot=/ --enable-clocale=gnu --enable-libstdcxx-debug --enable-libstdcxx-time=yes --with-default-libstdcxx-abi=new --enable-gnu-unique-object --disable-vtable-verify --enable-libmpx --enable-plugin --with-system-zlib --disable-browser-plugin --enable-java-awt=gtk --enable-gtk-cairo --with-java-home=/usr/lib/jvm/java-1.5.0-gcj-5-amd64/jre --enable-java-home --with-jvm-root-dir=/usr/lib/jvm/java-1.5.0-gcj-5-amd64 --with-jvm-jar-dir=/usr/lib/jvm-exports/java-1.5.0-gcj-5-amd64 --with-arch-directory=amd64 --with-ecj-jar=/usr/share/java/eclipse-ecj.jar --enable-objc-gc --enable-multiarch --disable-werror --with-arch-32=i686 --with-abi=m64 --with-multilib-list=m32,m64,mx32 --enable-multilib --with-tune=generic --enable-checking=release --build=x86_64-linux-gnu --host=x86_64-linux-gnu --target=x86_64-linux-gnu
Thread model: posix
gcc version 5.4.0 20160609 (Ubuntu 5.4.0-6ubuntu1~16.04.9) 
configure:3519: $? = 0
configure:3508: gcc -V >&5
gcc: error: unrecognized command line option '-V'
gcc: fatal error: no input files
compilation terminated.
configure:3519: $? = 1
configure:3508: gcc -qversion >&5
gcc: error: unrecognized command line option '-qversion'
gcc: fatal error: no input files
compilation terminated.
configure:3519: $? = 1
configure:3539: checking whether the C compiler works
configure:3561: gcc    conftest.c  >&5
configure:3565: $? = 0
configure:3613: result: yes
configure:3616: checking for C compiler default output file name
configure:3618: result: a.out
configure:3624: checking for suffix of executables
configure:3631: gcc -o conftest    conftest.c  >&5
configure:3635: $? = 0
configure:3657: result: 
configure:3679: checking whether we are cross compiling
configure:3687: gcc -o conftest    conftest.c  >&5
configure:3691: $? = 0
configure:3698: ./conftest
configure:3702: $? = 0
configure:3717: result: no
configure:3722: checking for suffix of object files
configure:3744: gcc -c   conftest.c >&5
configure:3748: $? = 0
configure:3769: result: o
configure:3773: checking whether we are using the GNU C compiler
configure:3792: gcc -c   conftest.c >&5
configure:3792: $? = 0
configure:3801: result: yes
configure:3810: checking whether gcc accepts -g
configure:3830: gcc -c -g  conftest.c >&5
configure:3830: $? = 0
configure:3871: result: yes
configure:3888: checking for gcc option to accept ISO C89
configure:3951: gcc  -c -g -O2  conftest.c >&5
configure:3951: $? = 0
configure:3964: result: none needed
configure:3989: checking whether gcc understands -c and -o together
configure:4011: gcc -c conftest.c -o conftest2.o
configure:4014: $? = 0
configure:4011: gcc -c conftest.c -o conftest2.o
configure:4014: $? = 0
configure:4026: result: yes
configure:4045: checking dependency style of gcc
configure:4156: result: gcc3
configure:4171: checking for a sed that does not truncate output
configure:4235: result: /bin/sed
configure:4253: checking for grep that handles long lines and -e
configure:4311: result: /bin/grep
configure:4316: checking for egrep
configure:4378: result: /bin/grep -E
configure:4383: checking for fgrep
configure:4445: result: /bin/grep -F
configure:4480: checking for ld used by gcc
configure:4547: result: /usr/bin/ld
configure:4554: checking if the linker (/usr/bin/ld) is GNU ld
configure:4569: result: yes
configure:4581: checking for BSD- or MS-compatible name lister (nm)
configure:4635: result: /usr/bin/nm -B
configure:4765: checking the name lister (/usr/bin/nm -B) interface
configure:4772: gcc -c -g -O2  conftest.c >&5
configure:4775: /usr/bin/nm -B "conftest.o"
configure:4778: output
0000000000000000 B some_variable
configure:4785: result: BSD nm
configure:4788: checking whether ln -s works
configure:4792: result: yes
configure:4800: checking the maximum length of command line arguments
configure:4931: result: 1572864
configure:4979: checking how to convert x86_64-pc-linux-gnu file names to x86_64-pc-linux-gnu format
configure:5019: result: func_convert_file_noop
configure:5026: checking how to convert x86_64-pc-linux-gnu file names to toolchain format
configure:5046: result: func_convert_file_noop
configure:5053: checking for /usr/bin/ld option to reload object files
configure:5060: result: -r
configure:5134: checking for objdump
configure:5150: found /usr/bin/objdump
configure:5161: result: objdump
configure:5193: checking how to recognize dependent libraries
configure:5393: result: pass_all
configure:5478: checking for dlltool
configure:5508: result: no
configure:5538: checking how to associate runtime and link libraries
configure:5565: result: printf %s\n
configure:5626: checking for ar
configure:5642: found /usr/bin/ar
configure:5653: result: ar
configure:5690: checking for archiver @FILE support
configure:5707: gcc -c -g -O2  conftest.c >&5
configure:5707: $? = 0
configure:5710: ar cru libconftest.a @conftest.lst >&5
ar: `u' modifier ignored since `D' is the default (see `U')
configure:5713: $? = 0
configure:5718: ar cru libconftest.a @conftest.lst >&5
ar: `u' modifier ignored since `D' is the default (see `U')
ar: conftest.o: No such file or directory
configure:5721: $? = 1
configure:5733: result: @
configure:5791: checking for strip
configure:5807: found /usr/bin/strip
configure:5818: result: strip
configure:5890: checking for ranlib
configure:5906: found /usr/bin/ranlib
configure:5917: result: ranlib
configure:6019: checking command to parse /usr/bin/nm -B output from gcc object
configure:6172: gcc -c -g -O2  conftest.c >&5
configure:6175: $? = 0
configure:6179: /usr/bin/nm -B conftest.o \| sed -n -e 's/^.*[ ]\([ABCDGIRSTW][ABCDGIRSTW]*\)[ ][ ]*\([_A-Za-z][_A-Za-z0-9]*\)$/\1 \2 \2/p' | sed '/ __gnu_lto/d' \> conftest.nm
configure:6182: $? = 0
configure:6248: gcc -o conftest -g -O2   conftest.c conftstm.o >&5
configure:6251: $? = 0
configure:6289: result: ok
configure:6336: checking for sysroot
configure:6366: result: no
configure:6373: checking for a working dd
configure:6411: result: /bin/dd
configure:6415: checking how to truncate binary pipes
configure:6430: result: /bin/dd bs=4096 count=1
configure:6566: gcc -c -g -O2  conftest.c >&5
configure:6569: $? = 0
configure:6759: checking for mt
configure:6775: found /bin/mt
configure:6786: result: mt
configure:6809: checking if mt is a manifest tool
configure:6815: mt '-?'
configure:6823: result: no
configure:7500: checking how to run the C preprocessor
configure:7531: gcc -E  conftest.c
configure:7531: $? = 0
configure:7545: gcc -E  conftest.c
conftest.c:12:28: fatal error: ac_nonexistent.h: No such file or directory
compilation terminated.
configure:7545: $? = 1
configure: failed program was:
| /* confdefs.h */
| #define PACKAGE_NAME "hornet"
| #define PACKAGE_TARNAME "hornet"
| #define PACKAGE_VERSION "1.0"
| #define PACKAGE_STRING "hornet 1.0"
| #define PACKAGE_BUGREPORT ""
| #define PACKAGE_URL ""
| #define PACKAGE "hornet"
| #define VERSION "1.0"
| #define PACKAGE_RELEASE_NAME "suisen"
| /* end confdefs.h.  */
| #include <ac_nonexistent.h>
configure:7570: result: gcc -E
configure:7590: gcc -E  conftest.c
configure:7590: $? = 0
configure:7604: gcc -E  conftest.c
conftest.c:12:28: fatal error: ac_nonexistent.h: No such file or directory
compilation terminated.
configure:7604: $? = 1
configure: failed program was:
| /* confdefs.h */
| #define PACKAGE_NAME "hornet"
| #define PACKAGE_TARNAME "hornet"
| #define PACKAGE_VERSION "1.0"
| #define PACKAGE_STRING "hornet 1.0"
| #define PACKAGE_BUGREPORT ""
| #define PACKAGE_URL ""
| #define PACKAGE "hornet"
| #define VERSION "1.0"
| #define PACKAGE_RELEASE_NAME "suisen"
| /* end confdefs.h.  */
| #include <ac_nonexistent.h>
configure:7633: checking for ANSI C header files
configure:7653: gcc -c -g -O2  conftest.c >&5
configure:7653: $? = 0
configure:7726: gcc -o conftest -g -O2   conftest.c  >&5
configure:7726: $? = 0
configure:7726: ./conftest
configure:7726: $? = 0
configure:7737: result: yes
configure:7750: checking for sys/types.h
configure:7750: gcc -c -g -O2  conftest.c >&5
configure:7750: $? = 0
configure:7750: result: yes
configure:7750: checking for sys/stat.h
configure:7750: gcc -c -g -O2  conftest.c >&5
configure:7750: $? = 0
configure:7750: result: yes
configure:7750: checking for stdlib.h
configure:7750: gcc -c -g -O2  conftest.c >&5
configure:7750: $? = 0
configure:7750: result: yes
configure:7750: checking for string.h
configure:7750: gcc -c -g -O2  conftest.c >&5
configure:7750: $? = 0
configure:7750: result: yes
configure:7750: checking for memory.h
configure:7750: gcc -c -g -O2  conftest.c >&5
configure:7750: $? = 0
configure:7750: result: yes
configure:7750: checking for strings.h
configure:7750: gcc -c -g -O2  conftest.c >&5
configure:7750: $? = 0
configure:7750: result: yes
configure:7750: checking for inttypes.h
configure:7750: gcc -c -g -O2  conftest.c >&5
configure:7750: $? = 0
configure:7750: result: yes
configure:7750: checking for stdint.h
configure:7750: gcc -c -g -O2  conftest.c >&5
configure:7750: $? = 0
configure:7750: result: yes
configure:7750: checking for unistd.h
configure:7750: gcc -c -g -O2  conftest.c >&5
configure:7750: $? = 0
configure:7750: result: yes
configure:7764: checking for dlfcn.h
configure:7764: gcc -c -g -O2  conftest.c >&5
configure:7764: $? = 0
configure:7764: result: yes
configure:8020: checking for objdir
configure:8035: result: .libs
configure:8299: checking if gcc supports -fno-rtti -fno-exceptions
configure:8317: gcc -c -g -O2  -fno-rtti -fno-exceptions conftest.c >&5
cc1: warning: command line option '-fno-rtti' is valid for C++/ObjC++ but not for C
configure:8321: $? = 0
configure:8334: result: no
configure:8692: checking for gcc option to produce PIC
configure:8699: result: -fPIC -DPIC
configure:8707: checking if gcc PIC flag -fPIC -DPIC works
configure:8725: gcc -c -g -O2  -fPIC -DPIC -DPIC conftest.c >&5
configure:8729: $? = 0
configure:8742: result: yes
configure:8771: checking if gcc static flag -static works
configure:8799: result: yes
configure:8814: checking if gcc supports -c -o file.o
configure:8835: gcc -c -g -O2  -o out/conftest2.o conftest.c >&5
configure:8839: $? = 0
configure:8861: result: yes
configure:8869: checking if gcc supports -c -o file.o
configure:8916: result: yes
configure:8949: checking whether the gcc linker (/usr/bin/ld -m elf_x86_64) supports shared libraries
configure:10212: result: yes
configure:10249: checking whether -lc should be explicitly linked in
configure:10257: gcc -c -g -O2  conftest.c >&5
configure:10260: $? = 0
configure:10275: gcc -shared  -fPIC -DPIC conftest.o  -v -Wl,-soname -Wl,conftest -o conftest 2\>\&1 \| /bin/grep  -lc  \>/dev/null 2\>\&1
configure:10278: $? = 0
configure:10292: result: no
configure:10452: checking dynamic linker characteristics
configure:11033: gcc -o conftest -g -O2   -Wl,-rpath -Wl,/foo conftest.c  >&5
configure:11033: $? = 0
configure:11282: result: GNU/Linux ld.so
configure:11404: checking how to hardcode library paths into programs
configure:11429: result: immediate
configure:11977: checking whether stripping libraries is possible
configure:11982: result: yes
configure:12017: checking if libtool supports shared libraries
configure:12019: result: yes
configure:12022: checking whether to build shared libraries
configure:12047: result: yes
configure:12050: checking whether to build static libraries
configure:12054: result: yes
configure:12150: checking for g++
configure:12166: found /usr/bin/g++
configure:12177: result: g++
configure:12204: checking for C++ compiler version
configure:12213: g++ --version >&5
g++ (Ubuntu 5.4.0-6ubuntu1~16.04.9) 5.4.0 20160609
Copyright (C) 2015 Free Software Foundation, Inc.
This is free software; see the source for copying conditions.  There is NO
warranty; not even for MERCHANTABILITY or FITNESS FOR A PARTICULAR PURPOSE.

configure:12224: $? = 0
configure:12213: g++ -v >&5
Using built-in specs.
COLLECT_GCC=g++
COLLECT_LTO_WRAPPER=/usr/lib/gcc/x86_64-linux-gnu/5/lto-wrapper
Target: x86_64-linux-gnu
Configured with: ../src/configure -v --with-pkgversion='Ubuntu 5.4.0-6ubuntu1~16.04.9' --with-bugurl=file:///usr/share/doc/gcc-5/README.Bugs --enable-languages=c,ada,c++,java,go,d,fortran,objc,obj-c++ --prefix=/usr --program-suffix=-5 --enable-shared --enable-linker-build-id --libexecdir=/usr/lib --without-included-gettext --enable-threads=posix --libdir=/usr/lib --enable-nls --with-sysroot=/ --enable-clocale=gnu --enable-libstdcxx-debug --enable-libstdcxx-time=yes --with-default-libstdcxx-abi=new --enable-gnu-unique-object --disable-vtable-verify --enable-libmpx --enable-plugin --with-system-zlib --disable-browser-plugin --enable-java-awt=gtk --enable-gtk-cairo --with-java-home=/usr/lib/jvm/java-1.5.0-gcj-5-amd64/jre --enable-java-home --with-jvm-root-dir=/usr/lib/jvm/java-1.5.0-gcj-5-amd64 --with-jvm-jar-dir=/usr/lib/jvm-exports/java-1.5.0-gcj-5-amd64 --with-arch-directory=amd64 --with-ecj-jar=/usr/share/java/eclipse-ecj.jar --enable-objc-gc --enable-multiarch --disable-werror --with-arch-32=i686 --with-abi=m64 --with-multilib-list=m32,m64,mx32 --enable-multilib --with-tune=generic --enable-checking=release --build=x86_64-linux-gnu --host=x86_64-linux-gnu --target=x86_64-linux-gnu
Thread model: posix
gcc version 5.4.0 20160609 (Ubuntu 5.4.0-6ubuntu1~16.04.9) 
configure:12224: $? = 0
configure:12213: g++ -V >&5
g++: error: unrecognized command line option '-V'
g++: fatal error: no input files
compilation terminated.
configure:12224: $? = 1
configure:12213: g++ -qversion >&5
g++: error: unrecognized command line option '-qversion'
g++: fatal error: no input files
compilation terminated.
configure:12224: $? = 1
configure:12228: checking whether we are using the GNU C++ compiler
configure:12247: g++ -c   conftest.cpp >&5
configure:12247: $? = 0
configure:12256: result: yes
configure:12265: checking whether g++ accepts -g
configure:12285: g++ -c -g  conftest.cpp >&5
configure:12285: $? = 0
configure:12326: result: yes
configure:12351: checking dependency style of g++
configure:12462: result: gcc3
configure:12495: checking how to run the C++ preprocessor
configure:12522: g++ -E  conftest.cpp
configure:12522: $? = 0
configure:12536: g++ -E  conftest.cpp
conftest.cpp:24:28: fatal error: ac_nonexistent.h: No such file or directory
compilation terminated.
configure:12536: $? = 1
configure: failed program was:
| /* confdefs.h */
| #define PACKAGE_NAME "hornet"
| #define PACKAGE_TARNAME "hornet"
| #define PACKAGE_VERSION "1.0"
| #define PACKAGE_STRING "hornet 1.0"
| #define PACKAGE_BUGREPORT ""
| #define PACKAGE_URL ""
| #define PACKAGE "hornet"
| #define VERSION "1.0"
| #define PACKAGE_RELEASE_NAME "suisen"
| #define STDC_HEADERS 1
| #define HAVE_SYS_TYPES_H 1
| #define HAVE_SYS_STAT_H 1
| #define HAVE_STDLIB_H 1
| #define HAVE_STRING_H 1
| #define HAVE_MEMORY_H 1
| #define HAVE_STRINGS_H 1
| #define HAVE_INTTYPES_H 1
| #define HAVE_STDINT_H 1
| #define HAVE_UNISTD_H 1
| #define HAVE_DLFCN_H 1
| #define LT_OBJDIR ".libs/"
| /* end confdefs.h.  */
| #include <ac_nonexistent.h>
configure:12561: result: g++ -E
configure:12581: g++ -E  conftest.cpp
configure:12581: $? = 0
configure:12595: g++ -E  conftest.cpp
conftest.cpp:24:28: fatal error: ac_nonexistent.h: No such file or directory
compilation terminated.
configure:12595: $? = 1
configure: failed program was:
| /* confdefs.h */
| #define PACKAGE_NAME "hornet"
| #define PACKAGE_TARNAME "hornet"
| #define PACKAGE_VERSION "1.0"
| #define PACKAGE_STRING "hornet 1.0"
| #define PACKAGE_BUGREPORT ""
| #define PACKAGE_URL ""
| #define PACKAGE "hornet"
| #define VERSION "1.0"
| #define PACKAGE_RELEASE_NAME "suisen"
| #define STDC_HEADERS 1
| #define HAVE_SYS_TYPES_H 1
| #define HAVE_SYS_STAT_H 1
| #define HAVE_STDLIB_H 1
| #define HAVE_STRING_H 1
| #define HAVE_MEMORY_H 1
| #define HAVE_STRINGS_H 1
| #define HAVE_INTTYPES_H 1
| #define HAVE_STDINT_H 1
| #define HAVE_UNISTD_H 1
| #define HAVE_DLFCN_H 1
| #define LT_OBJDIR ".libs/"
| /* end confdefs.h.  */
| #include <ac_nonexistent.h>
configure:12757: checking for ld used by g++
configure:12824: result: /usr/bin/ld -m elf_x86_64
configure:12831: checking if the linker (/usr/bin/ld -m elf_x86_64) is GNU ld
configure:12846: result: yes
configure:12901: checking whether the g++ linker (/usr/bin/ld -m elf_x86_64) supports shared libraries
configure:13974: result: yes
configure:14010: g++ -c -g -O2  conftest.cpp >&5
configure:14013: $? = 0
configure:14494: checking for g++ option to produce PIC
configure:14501: result: -fPIC -DPIC
configure:14509: checking if g++ PIC flag -fPIC -DPIC works
configure:14527: g++ -c -g -O2  -fPIC -DPIC -DPIC conftest.cpp >&5
configure:14531: $? = 0
configure:14544: result: yes
configure:14567: checking if g++ static flag -static works
configure:14595: result: yes
configure:14607: checking if g++ supports -c -o file.o
configure:14628: g++ -c -g -O2  -o out/conftest2.o conftest.cpp >&5
configure:14632: $? = 0
configure:14654: result: yes
configure:14659: checking if g++ supports -c -o file.o
configure:14706: result: yes
configure:14736: checking whether the g++ linker (/usr/bin/ld -m elf_x86_64) supports shared libraries
configure:14779: result: yes
configure:14920: checking dynamic linker characteristics
configure:15677: result: GNU/Linux ld.so
configure:15742: checking how to hardcode library paths into programs
configure:15767: result: immediate
configure:15807: checking whether byte ordering is bigendian
configure:15822: gcc -c -g -O2  conftest.c >&5
conftest.c:25:9: error: unknown type name 'not'
         not a universal capable compiler
         ^
conftest.c:25:15: error: expected '=', ',', ';', 'asm' or '__attribute__' before 'universal'
         not a universal capable compiler
               ^
conftest.c:25:15: error: unknown type name 'universal'
configure:15822: $? = 1
configure: failed program was:
| /* confdefs.h */
| #define PACKAGE_NAME "hornet"
| #define PACKAGE_TARNAME "hornet"
| #define PACKAGE_VERSION "1.0"
| #define PACKAGE_STRING "hornet 1.0"
| #define PACKAGE_BUGREPORT ""
| #define PACKAGE_URL ""
| #define PACKAGE "hornet"
| #define VERSION "1.0"
| #define PACKAGE_RELEASE_NAME "suisen"
| #define STDC_HEADERS 1
| #define HAVE_SYS_TYPES_H 1
| #define HAVE_SYS_STAT_H 1
| #define HAVE_STDLIB_H 1
| #define HAVE_STRING_H 1
| #define HAVE_MEMORY_H 1
| #define HAVE_STRINGS_H 1
| #define HAVE_INTTYPES_H 1
| #define HAVE_STDINT_H 1
| #define HAVE_UNISTD_H 1
| #define HAVE_DLFCN_H 1
| #define LT_OBJDIR ".libs/"
| /* end confdefs.h.  */
| #ifndef __APPLE_CC__
| 	       not a universal capable compiler
| 	     #endif
| 	     typedef int dummy;
| 
configure:15867: gcc -c -g -O2  conftest.c >&5
configure:15867: $? = 0
configure:15885: gcc -c -g -O2  conftest.c >&5
conftest.c: In function 'main':
conftest.c:31:4: error: unknown type name 'not'
    not big endian
    ^
conftest.c:31:12: error: expected '=', ',', ';', 'asm' or '__attribute__' before 'endian'
    not big endian
            ^
configure:15885: $? = 1
configure: failed program was:
| /* confdefs.h */
| #define PACKAGE_NAME "hornet"
| #define PACKAGE_TARNAME "hornet"
| #define PACKAGE_VERSION "1.0"
| #define PACKAGE_STRING "hornet 1.0"
| #define PACKAGE_BUGREPORT ""
| #define PACKAGE_URL ""
| #define PACKAGE "hornet"
| #define VERSION "1.0"
| #define PACKAGE_RELEASE_NAME "suisen"
| #define STDC_HEADERS 1
| #define HAVE_SYS_TYPES_H 1
| #define HAVE_SYS_STAT_H 1
| #define HAVE_STDLIB_H 1
| #define HAVE_STRING_H 1
| #define HAVE_MEMORY_H 1
| #define HAVE_STRINGS_H 1
| #define HAVE_INTTYPES_H 1
| #define HAVE_STDINT_H 1
| #define HAVE_UNISTD_H 1
| #define HAVE_DLFCN_H 1
| #define LT_OBJDIR ".libs/"
| /* end confdefs.h.  */
| #include <sys/types.h>
| 		#include <sys/param.h>
| 
| int
| main ()
| {
| #if BYTE_ORDER != BIG_ENDIAN
| 		 not big endian
| 		#endif
| 
|   ;
|   return 0;
| }
configure:16013: result: no
configure:16079: checking for boostlib >= 1.34
configure:16133: g++ -c -g -O2  -I/usr/include conftest.cpp >&5
configure:16133: $? = 0
configure:16135: result: yes
configure:16300: checking whether the Boost::Date_Time library is available
configure:16324: g++ -c -g -O2  -I/usr/include conftest.cpp >&5
configure:16324: $? = 0
configure:16338: result: yes
configure:16349: checking for exit in -lboost_date_time
configure:16374: gcc -o conftest -g -O2  -I/usr/include  -L/usr/lib/x86_64-linux-gnu conftest.c -lboost_date_time   >&5
conftest.c:33:6: warning: conflicting types for built-in function 'exit'
 char exit ();
      ^
configure:16374: $? = 0
configure:16384: result: yes
configure:16527: checking whether the Boost::Thread library is available
configure:16559: g++ -c -pthread -g -O2  -I/usr/include conftest.cpp >&5
configure:16559: $? = 0
configure:16574: result: yes
configure:16603: checking for exit in -lboost_thread
configure:16628: gcc -o conftest -g -O2  -I/usr/include  -L/usr/lib/x86_64-linux-gnu conftest.c -lboost_thread   >&5
conftest.c:34:6: warning: conflicting types for built-in function 'exit'
 char exit ();
      ^
configure:16628: $? = 0
configure:16638: result: yes
configure:16795: checking whether the Boost::System library is available
configure:16819: g++ -c -g -O2  -pthread -I/usr/include conftest.cpp >&5
configure:16819: $? = 0
configure:16834: result: yes
configure:16849: checking for exit in -lboost_system
configure:16874: gcc -o conftest -g -O2  -pthread -I/usr/include  -L/usr/lib/x86_64-linux-gnu conftest.c -lboost_system   >&5
conftest.c:35:6: warning: conflicting types for built-in function 'exit'
 char exit ();
      ^
configure:16874: $? = 0
configure:16884: result: yes
configure:17034: checking whether the Boost::Program_Options library is available
configure:17058: g++ -c -g -O2  -pthread -I/usr/include conftest.cpp >&5
configure:17058: $? = 0
configure:17072: result: yes
configure:17083: checking for exit in -lboost_program_options
configure:17108: gcc -o conftest -g -O2  -pthread -I/usr/include  -L/usr/lib/x86_64-linux-gnu conftest.c -lboost_program_options   >&5
conftest.c:36:6: warning: conflicting types for built-in function 'exit'
 char exit ();
      ^
configure:17108: $? = 0
configure:17118: result: yes
configure:17226: checking for ceil in -lm
configure:17251: gcc -o conftest -g -O2   conftest.c -lm   >&5
conftest.c:36:6: warning: conflicting types for built-in function 'ceil'
 char ceil ();
      ^
configure:17251: $? = 0
configure:17260: result: yes
configure:17306: checking for a Python interpreter with version >= 2.5
configure:17323: python -c import sys # split strings by '.' and convert to numeric. Append some zeros # because we need at least 4 digits for the hex conversion. # map returns an iterator in Python 3.0 and a list in 2.x minver = list(map(int, '2.5'.split('.'))) + [0, 0, 0] minverhex = 0 # xrange is not present in Python 3.0 and range returns an iterator for i in list(range(0, 4)): minverhex = (minverhex << 8) + minver[i] sys.exit(sys.hexversion < minverhex)
configure:17326: $? = 0
configure:17332: result: python
configure:17340: checking for python
configure:17358: found /usr/bin/python
configure:17370: result: /usr/bin/python
configure:17388: checking for python version
configure:17395: result: 2.7
configure:17407: checking for python platform
configure:17414: result: linux2
configure:17440: checking for python script directory
configure:17475: result: ${prefix}/lib/python2.7/site-packages
configure:17484: checking for python extension module directory
configure:17519: result: ${exec_prefix}/lib/python2.7/site-packages
configure:17566: checking for qmtest
configure:17584: found /usr/bin/qmtest
configure:17596: result: /usr/bin/qmtest
configure:18174: checking that generated files are newer than configure
configure:18180: result: done
configure:18220: creating ./config.status

## ---------------------- ##
## Running config.status. ##
## ---------------------- ##

This file was extended by hornet config.status 1.0, which was
generated by GNU Autoconf 2.69.  Invocation command line was

  CONFIG_FILES    = 
  CONFIG_HEADERS  = 
  CONFIG_LINKS    = 
  CONFIG_COMMANDS = 
  $ ./config.status 

on v6

config.status:1198: creating Makefile
config.status:1198: creating src/Makefile
config.status:1198: creating src/common/Makefile
config.status:1198: creating src/power/Makefile
config.status:1198: creating src/net/Makefile
config.status:1198: creating src/pe/Makefile
config.status:1198: creating src/cpu/Makefile
config.status:1198: creating src/inject/Makefile
config.status:1198: creating src/exec/Makefile
config.status:1198: creating src/sys/Makefile
config.status:1198: creating src/sim/Makefile
config.status:1198: creating src/tools/Makefile
config.status:1198: creating src/rts/Makefile
config.status:1198: creating src/boost.task-0.4.2/Makefile
config.status:1198: creating tests/Makefile
config.status:1198: creating src/common/dconfig.h
config.status:1427: executing depfiles commands
config.status:1427: executing libtool commands

## ---------------- ##
## Cache variables. ##
## ---------------- ##

ac_cv_build=x86_64-pc-linux-gnu
ac_cv_c_bigendian=no
ac_cv_c_compiler_gnu=yes
ac_cv_cxx_compiler_gnu=yes
ac_cv_env_CCC_set=
ac_cv_env_CCC_value=
ac_cv_env_CC_set=
ac_cv_env_CC_value=
ac_cv_env_CFLAGS_set=
ac_cv_env_CFLAGS_value=
ac_cv_env_CPPFLAGS_set=
ac_cv_env_CPPFLAGS_value=
ac_cv_env_CPP_set=
ac_cv_env_CPP_value=
ac_cv_env_CXXCPP_set=
ac_cv_env_CXXCPP_value=
ac_cv_env_CXXFLAGS_set=
ac_cv_env_CXXFLAGS_value=
ac_cv_env_CXX_set=
ac_cv_env_CXX_value=
ac_cv_env_LDFLAGS_set=
ac_cv_env_LDFLAGS_value=
ac_cv_env_LIBS_set=
ac_cv_env_LIBS_value=
ac_cv_env_LT_SYS_LIBRARY_PATH_set=
ac_cv_env_LT_SYS_LIBRARY_PATH_value=
ac_cv_env_PYTHON_set=
ac_cv_env_PYTHON_value=
ac_cv_env_build_alias_set=
ac_cv_env_build_alias_value=
ac_cv_env_host_alias_set=
ac_cv_env_host_alias_value=
ac_cv_env_target_alias_set=
ac_cv_env_target_alias_value=
ac_cv_header_dlfcn_h=yes
ac_cv_header_inttypes_h=yes
ac_cv_header_memory_h=yes
ac_cv_header_stdc=yes
ac_cv_header_stdint_h=yes
ac_cv_header_stdlib_h=yes
ac_cv_header_string_h=yes
ac_cv_header_strings_h=yes
ac_cv_header_sys_stat_h=yes
ac_cv_header_sys_types_h=yes
ac_cv_header_unistd_h=yes
ac_cv_host=x86_64-pc-linux-gnu
ac_cv_lib_boost_date_time___exit=yes
ac_cv_lib_boost_program_options___exit=yes
ac_cv_lib_boost_system___exit=yes
ac_cv_lib_boost_thread___exit=yes
ac_cv_lib_m_ceil=yes
ac_cv_objext=o
ac_cv_path_EGREP='/bin/grep -E'
ac_cv_path_FGREP='/bin/grep -F'
ac_cv_path_GREP=/bin/grep
ac_cv_path_PYTHON=/usr/bin/python
ac_cv_path_QMTEST=/usr/bin/qmtest
ac_cv_path_SED=/bin/sed
ac_cv_path_install='/usr/bin/install -c'
ac_cv_path_lt_DD=/bin/dd
ac_cv_path_mkdir=/bin/mkdir
ac_cv_prog_AWK=mawk
ac_cv_prog_CPP='gcc -E'
ac_cv_prog_CXXCPP='g++ -E'
ac_cv_prog_ac_ct_AR=ar
ac_cv_prog_ac_ct_CC=gcc
ac_cv_prog_ac_ct_CXX=g++
ac_cv_prog_ac_ct_MANIFEST_TOOL=mt
ac_cv_prog_ac_ct_OBJDUMP=objdump
ac_cv_prog_ac_ct_RANLIB=ranlib
ac_cv_prog_ac_ct_STRIP=strip
ac_cv_prog_cc_c89=
ac_cv_prog_cc_g=yes
ac_cv_prog_cxx_g=yes
ac_cv_prog_make_make_set=yes
am_cv_CC_dependencies_compiler_type=gcc3
am_cv_CXX_dependencies_compiler_type=gcc3
am_cv_make_support_nested_variables=yes
am_cv_pathless_PYTHON=python
am_cv_prog_cc_c_o=yes
am_cv_python_platform=linux2
am_cv_python_pyexecdir='${exec_prefix}/lib/python2.7/site-packages'
am_cv_python_pythondir='${prefix}/lib/python2.7/site-packages'
am_cv_python_version=2.7
ax_cv_boost_date_time=yes
ax_cv_boost_program_options=yes
ax_cv_boost_system=yes
ax_cv_boost_thread=yes
lt_cv_ar_at_file=@
lt_cv_archive_cmds_need_lc=no
lt_cv_deplibs_check_method=pass_all
lt_cv_file_magic_cmd='$MAGIC_CMD'
lt_cv_file_magic_test_file=
lt_cv_ld_reload_flag=-r
lt_cv_nm_interface='BSD nm'
lt_cv_objdir=.libs
lt_cv_path_LD=/usr/bin/ld
lt_cv_path_LDCXX='/usr/bin/ld -m elf_x86_64'
lt_cv_path_NM='/usr/bin/nm -B'
lt_cv_path_mainfest_tool=no
lt_cv_prog_compiler_c_o=yes
lt_cv_prog_compiler_c_o_CXX=yes
lt_cv_prog_compiler_pic='-fPIC -DPIC'
lt_cv_prog_compiler_pic_CXX='-fPIC -DPIC'
lt_cv_prog_compiler_pic_works=yes
lt_cv_prog_compiler_pic_works_CXX=yes
lt_cv_prog_compiler_rtti_exceptions=no
lt_cv_prog_compiler_static_works=yes
lt_cv_prog_compiler_static_works_CXX=yes
lt_cv_prog_gnu_ld=yes
lt_cv_prog_gnu_ldcxx=yes
lt_cv_sharedlib_from_linklib_cmd='printf %s\n'
lt_cv_shlibpath_overrides_runpath=no
lt_cv_sys_global_symbol_pipe='sed -n -e '\''s/^.*[	 ]\([ABCDGIRSTW][ABCDGIRSTW]*\)[	 ][	 ]*\([_A-Za-z][_A-Za-z0-9]*\)$/\1 \2 \2/p'\'' | sed '\''/ __gnu_lto/d'\'''
lt_cv_sys_global_symbol_to_c_name_address='sed -n -e '\''s/^: \(.*\) .*$/  {"\1", (void *) 0},/p'\'' -e '\''s/^[ABCDGIRSTW][ABCDGIRSTW]* .* \(.*\)$/  {"\1", (void *) \&\1},/p'\'''
lt_cv_sys_global_symbol_to_c_name_address_lib_prefix='sed -n -e '\''s/^: \(.*\) .*$/  {"\1", (void *) 0},/p'\'' -e '\''s/^[ABCDGIRSTW][ABCDGIRSTW]* .* \(lib.*\)$/  {"\1", (void *) \&\1},/p'\'' -e '\''s/^[ABCDGIRSTW][ABCDGIRSTW]* .* \(.*\)$/  {"lib\1", (void *) \&\1},/p'\'''
lt_cv_sys_global_symbol_to_cdecl='sed -n -e '\''s/^T .* \(.*\)$/extern int \1();/p'\'' -e '\''s/^[ABCDGIRSTW][ABCDGIRSTW]* .* \(.*\)$/extern char \1;/p'\'''
lt_cv_sys_global_symbol_to_import=
lt_cv_sys_max_cmd_len=1572864
lt_cv_to_host_file_cmd=func_convert_file_noop
lt_cv_to_tool_file_cmd=func_convert_file_noop
lt_cv_truncate_bin='/bin/dd bs=4096 count=1'

## ----------------- ##
## Output variables. ##
## ----------------- ##

ACLOCAL='${SHELL} /home/tao/Simulator/hornet-1.0/build-aux/missing aclocal-1.15'
AMDEPBACKSLASH='\'
AMDEP_FALSE='#'
AMDEP_TRUE=''
AMTAR='$${TAR-tar}'
AM_BACKSLASH='\'
AM_DEFAULT_V='$(AM_DEFAULT_VERBOSITY)'
AM_DEFAULT_VERBOSITY='1'
AM_V='$(V)'
AR='ar'
AUTOCONF='${SHELL} /home/tao/Simulator/hornet-1.0/build-aux/missing autoconf'
AUTOHEADER='${SHELL} /home/tao/Simulator/hornet-1.0/build-aux/missing autoheader'
AUTOMAKE='${SHELL} /home/tao/Simulator/hornet-1.0/build-aux/missing automake-1.15'
AWK='mawk'
BOOST_CPPFLAGS='-pthread -I/usr/include'
BOOST_DATE_TIME_LIB='-lboost_date_time'
BOOST_LDFLAGS='-L/usr/lib/x86_64-linux-gnu'
BOOST_PROGRAM_OPTIONS_LIB='-lboost_program_options'
BOOST_SYSTEM_LIB='-lboost_system'
BOOST_THREAD_LIB='-lboost_thread'
BUILD_MIPS_RTS_FALSE=''
BUILD_MIPS_RTS_TRUE='#'
CC='gcc'
CCDEPMODE='depmode=gcc3'
CFLAGS='-g -O2'
CPP='gcc -E'
CPPFLAGS=''
CXX='g++'
CXXCPP='g++ -E'
CXXDEPMODE='depmode=gcc3'
CXXFLAGS='-g -O2'
CYGPATH_W='echo'
DBLATEX=''
DEFS='-DHAVE_CONFIG_H'
DEPDIR='.deps'
DLLTOOL='false'
DSYMUTIL=''
DUMPBIN=''
ECHO_C=''
ECHO_N='-n'
ECHO_T=''
EGREP='/bin/grep -E'
ENABLE_DOCS_FALSE=''
ENABLE_DOCS_TRUE='#'
ENABLE_TESTSUITE_FALSE='#'
ENABLE_TESTSUITE_TRUE=''
EXEEXT=''
FGREP='/bin/grep -F'
GREP='/bin/grep'
INSTALL_DATA='${INSTALL} -m 644'
INSTALL_PROGRAM='${INSTALL}'
INSTALL_SCRIPT='${INSTALL}'
INSTALL_STRIP_PROGRAM='$(install_sh) -c -s'
LD='/usr/bin/ld -m elf_x86_64'
LDFLAGS=''
LIBOBJS=''
LIBS='-lm '
LIBTOOL='$(SHELL) $(top_builddir)/libtool'
LIPO=''
LN_S='ln -s'
LTLIBOBJS=''
LT_SYS_LIBRARY_PATH=''
MAKEINFO='${SHELL} /home/tao/Simulator/hornet-1.0/build-aux/missing makeinfo'
MANIFEST_TOOL=':'
MIPSAR=''
MIPSAS=''
MIPSCC=''
MIPSLD=''
MIPSRANLIB=''
MKDIR_P='/bin/mkdir -p'
NM='/usr/bin/nm -B'
NMEDIT=''
OBJDUMP='objdump'
OBJEXT='o'
OTOOL64=''
OTOOL=''
PACKAGE='hornet'
PACKAGE_BUGREPORT=''
PACKAGE_NAME='hornet'
PACKAGE_RELEASE_NAME='suisen'
PACKAGE_STRING='hornet 1.0'
PACKAGE_TARNAME='hornet'
PACKAGE_URL=''
PACKAGE_VERSION='1.0'
PATH_SEPARATOR=':'
PYTHON='/usr/bin/python'
PYTHON_EXEC_PREFIX='${exec_prefix}'
PYTHON_PLATFORM='linux2'
PYTHON_PREFIX='${prefix}'
PYTHON_VERSION='2.7'
QMTEST='/usr/bin/qmtest'
RANLIB='ranlib'
SED='/bin/sed'
SET_MAKE=''
SHELL='/bin/bash'
STRIP='strip'
VERSION='1.0'
XMLTO=''
ac_ct_AR='ar'
ac_ct_CC='gcc'
ac_ct_CXX='g++'
ac_ct_DUMPBIN=''
am__EXEEXT_FALSE=''
am__EXEEXT_TRUE='#'
am__fastdepCC_FALSE='#'
am__fastdepCC_TRUE=''
am__fastdepCXX_FALSE='#'
am__fastdepCXX_TRUE=''
am__include='include'
am__isrc=''
am__leading_dot='.'
am__nodep='_no'
am__quote=''
am__tar='$${TAR-tar} chof - "$$tardir"'
am__untar='$${TAR-tar} xf -'
bindir='${exec_prefix}/bin'
build='x86_64-pc-linux-gnu'
build_alias=''
build_cpu='x86_64'
build_os='linux-gnu'
build_vendor='pc'
datadir='${datarootdir}'
datarootdir='${prefix}/share'
docdir='${datarootdir}/doc/${PACKAGE_TARNAME}'
dvidir='${docdir}'
exec_prefix='${prefix}'
host='x86_64-pc-linux-gnu'
host_alias=''
host_cpu='x86_64'
host_os='linux-gnu'
host_vendor='pc'
htmldir='${docdir}'
includedir='${prefix}/include'
infodir='${datarootdir}/info'
install_sh='${SHELL} /home/tao/Simulator/hornet-1.0/build-aux/install-sh'
libdir='${exec_prefix}/lib'
libexecdir='${exec_prefix}/libexec'
localedir='${datarootdir}/locale'
localstatedir='${prefix}/var'
mandir='${datarootdir}/man'
mkdir_p='$(MKDIR_P)'
oldincludedir='/usr/include'
pdfdir='${docdir}'
pkgpyexecdir='${pyexecdir}/hornet'
pkgpythondir='${pythondir}/hornet'
prefix='/home/tao/Simulator/hornet-inst'
program_transform_name='s,x,x,'
psdir='${docdir}'
pyexecdir='${exec_prefix}/lib/python2.7/site-packages'
pythondir='${prefix}/lib/python2.7/site-packages'
runstatedir='${localstatedir}/run'
sbindir='${exec_prefix}/sbin'
sharedstatedir='${prefix}/com'
sysconfdir='${prefix}/etc'
target_alias=''

## ----------- ##
## confdefs.h. ##
## ----------- ##

/* confdefs.h */
#define PACKAGE_NAME "hornet"
#define PACKAGE_TARNAME "hornet"
#define PACKAGE_VERSION "1.0"
#define PACKAGE_STRING "hornet 1.0"
#define PACKAGE_BUGREPORT ""
#define PACKAGE_URL ""
#define PACKAGE "hornet"
#define VERSION "1.0"
#define PACKAGE_RELEASE_NAME "suisen"
#define STDC_HEADERS 1
#define HAVE_SYS_TYPES_H 1
#define HAVE_SYS_STAT_H 1
#define HAVE_STDLIB_H 1
#define HAVE_STRING_H 1
#define HAVE_MEMORY_H 1
#define HAVE_STRINGS_H 1
#define HAVE_INTTYPES_H 1
#define HAVE_STDINT_H 1
#define HAVE_UNISTD_H 1
#define HAVE_DLFCN_H 1
#define LT_OBJDIR ".libs/"
#define HAVE_BOOST /**/
#define HAVE_BOOST_DATE_TIME /**/
#define HAVE_BOOST_THREAD /**/
#define HAVE_BOOST_SYSTEM /**/
#define HAVE_BOOST_PROGRAM_OPTIONS /**/
#define HAVE_LIBM 1

configure: exit 0
